Asked for a remote server ? true, ENV["FERRET_USE_LOCAL_INDEX"] is nil, looks like we are not the server
Will use local index.
using index in /Users/ryan/projects/sites/killboard.goonfleet.com/index/cucumber/kill
default field list: [:region, :ships, :corporations, :alliances, :date, :victim_details, :players, :solar_system, :victors_details]
SQL (0.2ms)  SET NAMES 'utf8'
SQL (0.1ms)  SET SQL_AUTO_IS_NULL=0
SQL (0.1ms)  BEGIN
Alliance Delete all (12.6ms)  DELETE FROM `alliances` 
Alliance Load (0.9ms)  SELECT * FROM `alliances` 
SQL (14.3ms)  ROLLBACK
Asked for a remote server ? true, ENV["FERRET_USE_LOCAL_INDEX"] is nil, looks like we are not the server
Will use local index.
using index in /Users/ryan/projects/sites/killboard.goonfleet.com/index/cucumber/kill
default field list: [:region, :ships, :corporations, :alliances, :date, :victim_details, :players, :solar_system, :victors_details]
SQL (0.2ms)  SET NAMES 'utf8'
SQL (0.1ms)  SET SQL_AUTO_IS_NULL=0
SQL (0.1ms)  BEGIN
Alliance Delete all (0.2ms)  DELETE FROM `alliances` 
Alliance Load (0.4ms)  SELECT * FROM `alliances` 
SQL (0.1ms)  ROLLBACK
Asked for a remote server ? true, ENV["FERRET_USE_LOCAL_INDEX"] is nil, looks like we are not the server
Will use local index.
using index in /Users/ryan/projects/sites/killboard.goonfleet.com/index/cucumber/kill
default field list: [:region, :ships, :corporations, :alliances, :date, :victim_details, :players, :solar_system, :victors_details]
SQL (0.2ms)  SET NAMES 'utf8'
SQL (0.1ms)  SET SQL_AUTO_IS_NULL=0
SQL (0.1ms)  BEGIN
Alliance Delete all (13.6ms)  DELETE FROM `alliances` 
Alliance Load (1.5ms)  SELECT * FROM `alliances` 
SQL (43.7ms)  ROLLBACK
SQL (1.0ms)  BEGIN
Region Delete all (0.3ms)  DELETE FROM `mapRegions` 
SolarSystem Delete all (0.9ms)  DELETE FROM `mapSolarSystems` 
Region Load (2.9ms)  SELECT * FROM `mapRegions` 
SolarSystem Load (226.1ms)  SELECT * FROM `mapSolarSystems` 
SolarSystem Load (0.8ms)  SELECT * FROM `mapSolarSystems` WHERE (solarSystemName = 'Jita') LIMIT 1
SolarSystem Columns (13.4ms)  SHOW FIELDS FROM `mapSolarSystems`
Region Columns (2.2ms)  SHOW FIELDS FROM `mapRegions`
Region Load (21.1ms)  SELECT * FROM `mapRegions` WHERE (`mapRegions`.`regionName` = 'Delve') LIMIT 1
SQL (0.3ms)  ROLLBACK
