LocalIndex: ensure_index_exists at /Users/rcreasey/Desktop/rails_killboard/index/development/kill/20090622224507
reopening index at /Users/rcreasey/Desktop/rails_killboard/index/development/kill/20090622224507
LocalIndex: ensure_index_exists at /Users/rcreasey/Desktop/rails_killboard/index/development/kill/20090622224507
LocalIndex: ensure_index_exists at /Users/rcreasey/Desktop/rails_killboard/index/development/kill/20090622224507
LocalIndex: ensure_index_exists at /Users/rcreasey/Desktop/rails_killboard/index/development/kill/20090622224507
query: victors_details:*goonswarm*
stored_fields: 
LocalIndex: ensure_index_exists at /Users/rcreasey/Desktop/rails_killboard/index/development/kill/20090622224507
LocalIndex: ensure_index_exists at /Users/rcreasey/Desktop/rails_killboard/index/development/kill/20090622224507
query: victors_details:*goonswarm*
stored_fields: 
LocalIndex: ensure_index_exists at /Users/rcreasey/Desktop/rails_killboard/index/development/kill/20090622224507
LocalIndex: ensure_index_exists at /Users/rcreasey/Desktop/rails_killboard/index/development/kill/20090622224507
query: victors_details:*goonswarm*
stored_fields: 
LocalIndex: ensure_index_exists at /Users/rcreasey/Desktop/rails_killboard/index/development/kill/20090622224507
LocalIndex: ensure_index_exists at /Users/rcreasey/Desktop/rails_killboard/index/development/kill/20090622224507
query: victors_details:*goonswarm*
stored_fields: 
LocalIndex: ensure_index_exists at /Users/rcreasey/Desktop/rails_killboard/index/development/kill/20090622224507
LocalIndex: ensure_index_exists at /Users/rcreasey/Desktop/rails_killboard/index/development/kill/20090622224507
query: date:
stored_fields: 
LocalIndex: ensure_index_exists at /Users/rcreasey/Desktop/rails_killboard/index/development/kill/20090622224507
LocalIndex: ensure_index_exists at /Users/rcreasey/Desktop/rails_killboard/index/development/kill/20090622224507
query: victors_details:*goonswarm*
stored_fields: 
LocalIndex: ensure_index_exists at /Users/rcreasey/Desktop/rails_killboard/index/development/kill/20090622224507
LocalIndex: ensure_index_exists at /Users/rcreasey/Desktop/rails_killboard/index/development/kill/20090622224507
query: victors_details:*goonswarm*
stored_fields: 
LocalIndex: ensure_index_exists at /Users/rcreasey/Desktop/rails_killboard/index/development/kill/20090622224507
LocalIndex: ensure_index_exists at /Users/rcreasey/Desktop/rails_killboard/index/development/kill/20090622224507
LocalIndex: ensure_index_exists at /Users/rcreasey/Desktop/rails_killboard/index/development/kill/20090622224507
query: region:querious
stored_fields: 
LocalIndex: ensure_index_exists at /Users/rcreasey/Desktop/rails_killboard/index/development/kill/20090622224507
LocalIndex: ensure_index_exists at /Users/rcreasey/Desktop/rails_killboard/index/development/kill/20090622224507
query: victors_details:*goonswarm*
stored_fields: 
LocalIndex: ensure_index_exists at /Users/rcreasey/Desktop/rails_killboard/index/development/kill/20090622224507
LocalIndex: ensure_index_exists at /Users/rcreasey/Desktop/rails_killboard/index/development/kill/20090622224507
LocalIndex: ensure_index_exists at /Users/rcreasey/Desktop/rails_killboard/index/development/kill/20090622224507
query: victors_details:*goonswarm*
stored_fields: 
LocalIndex: ensure_index_exists at /Users/rcreasey/Desktop/rails_killboard/index/development/kill/20090622224507
LocalIndex: ensure_index_exists at /Users/rcreasey/Desktop/rails_killboard/index/development/kill/20090622224507
query: victim_details:*goonswarm*
stored_fields: 
LocalIndex: ensure_index_exists at /Users/rcreasey/Desktop/rails_killboard/index/development/kill/20090622224507
LocalIndex: ensure_index_exists at /Users/rcreasey/Desktop/rails_killboard/index/development/kill/20090622224507
query: victors_details:*goonswarm*
stored_fields: 
LocalIndex: ensure_index_exists at /Users/rcreasey/Desktop/rails_killboard/index/development/kill/20090622224507
LocalIndex: ensure_index_exists at /Users/rcreasey/Desktop/rails_killboard/index/development/kill/20090622224507
query: victim_details:*goonswarm*
stored_fields: 
LocalIndex: ensure_index_exists at /Users/rcreasey/Desktop/rails_killboard/index/development/kill/20090622224507
LocalIndex: ensure_index_exists at /Users/rcreasey/Desktop/rails_killboard/index/development/kill/20090622224507
query: alliances:goonswarm
stored_fields: 
LocalIndex: ensure_index_exists at /Users/ryan/projects/sites/killboard.goonfleet.com/index/development/kill/20090622224507
LocalIndex: ensure_index_exists at /Users/ryan/projects/sites/killboard.goonfleet.com/index/development/kill/20090622224507
LocalIndex: ensure_index_exists at /Users/ryan/projects/sites/killboard.goonfleet.com/index/development/kill/20090622224507
query: victors_details:*goonswarm*
stored_fields: 
LocalIndex: ensure_index_exists at /Users/ryan/projects/sites/killboard.goonfleet.com/index/development/kill/20090622224507
LocalIndex: ensure_index_exists at /Users/ryan/projects/sites/killboard.goonfleet.com/index/development/kill/20090622224507
query: victim_details:*goonswarm*
stored_fields: 
LocalIndex: ensure_index_exists at /Users/ryan/projects/sites/killboard.goonfleet.com/index/development/kill/20090622224507
LocalIndex: ensure_index_exists at /Users/ryan/projects/sites/killboard.goonfleet.com/index/development/kill/20090622224507
query: victors_details:*goonswarm*
stored_fields: 
LocalIndex: ensure_index_exists at /Users/ryan/projects/sites/killboard.goonfleet.com/index/development/kill/20090622224507
LocalIndex: ensure_index_exists at /Users/ryan/projects/sites/killboard.goonfleet.com/index/development/kill/20090622224507
query: victim_details:*goonswarm*
stored_fields: 
LocalIndex: ensure_index_exists at /Users/ryan/projects/sites/killboard.goonfleet.com/index/development/kill/20090622224507
LocalIndex: ensure_index_exists at /Users/ryan/projects/sites/killboard.goonfleet.com/index/development/kill/20090622224507
query: region:delve
stored_fields: 
LocalIndex: ensure_index_exists at /Users/ryan/projects/sites/killboard.goonfleet.com/index/development/kill/20090622224507
LocalIndex: ensure_index_exists at /Users/ryan/projects/sites/killboard.goonfleet.com/index/development/kill/20090622224507
query: victors_details:*goonswarm*
stored_fields: 
LocalIndex: ensure_index_exists at /Users/ryan/projects/sites/killboard.goonfleet.com/index/development/kill/20090622224507
LocalIndex: ensure_index_exists at /Users/ryan/projects/sites/killboard.goonfleet.com/index/development/kill/20090622224507
query: victim_details:*goonswarm*
stored_fields: 
LocalIndex: ensure_index_exists at /Users/ryan/projects/sites/killboard.goonfleet.com/index/development/kill/20090622224507
LocalIndex: ensure_index_exists at /Users/ryan/projects/sites/killboard.goonfleet.com/index/development/kill/20090622224507
LocalIndex: ensure_index_exists at /Users/ryan/projects/sites/killboard.goonfleet.com/index/development/kill/20090622224507
query: victors_details:*goonswarm*
stored_fields: 
LocalIndex: ensure_index_exists at /Users/ryan/projects/sites/killboard.goonfleet.com/index/development/kill/20090622224507
LocalIndex: ensure_index_exists at /Users/ryan/projects/sites/killboard.goonfleet.com/index/development/kill/20090622224507
query: victim_details:*goonswarm*
stored_fields: 
